<?xml version="1.0" encoding="UTF-8"?>
<!-- Generated by org.testng.reporters.JUnitReportReporter -->
<testsuite skipped="0" hostname="CDC2-D-CH3QXJ2" name="PackageTest3.javaTest3" tests="1" failures="0" timestamp="2019-12-05T11:24:10 IST" time="13.154" errors="0">
  <testcase name="login" time="13.154" classname="PackageTest3.javaTest3"/>
</testsuite> <!-- PackageTest3.javaTest3 -->
